app/build/intermediates/manifest_merge_blame_file/debug/manifest-merger-blame-debug-report.txt
1<?xml version="1.0" encoding="utf-8"?>
2<manifest xmlns:android="http://schemas.android.com/apk/res/android"
3    package="com.encardio.er_ngrf.activity"
4    android:installLocation="preferExternal"
5    android:versionCode="1"
6    android:versionName="1.0" >
7
8    <uses-sdk
9        android:minSdkVersion="19"
9-->src\main\AndroidManifest.xml
10        android:targetSdkVersion="32" />
10-->src\main\AndroidManifest.xml
11
12    <uses-permission android:name="android.permission.BLUETOOTH_CONNECT" />
12-->src\main\AndroidManifest.xml:8:5-76
12-->src\main\AndroidManifest.xml:8:22-73
13    <uses-permission android:name="android.permission.BLUETOOTH_SCAN" />
13-->src\main\AndroidManifest.xml:9:5-73
13-->src\main\AndroidManifest.xml:9:22-70
14    <uses-permission android:name="android.permission.READ_EXTERNAL_STORAGE" />
14-->src\main\AndroidManifest.xml:10:5-80
14-->src\main\AndroidManifest.xml:10:22-77
15    <uses-permission android:name="android.permission.BLUETOOTH_ADMIN" />
15-->src\main\AndroidManifest.xml:11:5-74
15-->src\main\AndroidManifest.xml:11:22-71
16    <uses-permission android:name="android.permission.BLUETOOTH" />
16-->src\main\AndroidManifest.xml:12:5-68
16-->src\main\AndroidManifest.xml:12:22-65
17    <uses-permission android:name="android.permission.READ_PHONE_STATE" />
17-->src\main\AndroidManifest.xml:13:5-75
17-->src\main\AndroidManifest.xml:13:22-72
18    <uses-permission android:name="android.permission.WAKE_LOCK" />
18-->src\main\AndroidManifest.xml:14:5-68
18-->src\main\AndroidManifest.xml:14:22-65
19    <uses-permission android:name="android.permission.VIBRATE" />
19-->src\main\AndroidManifest.xml:15:5-66
19-->src\main\AndroidManifest.xml:15:22-63
20    <uses-permission android:name="android.permission.WRITE_EXTERNAL_STORAGE" />
20-->src\main\AndroidManifest.xml:16:5-81
20-->src\main\AndroidManifest.xml:16:22-78
21    <uses-permission android:name="android.permission.INTERNET" />
21-->src\main\AndroidManifest.xml:17:5-67
21-->src\main\AndroidManifest.xml:17:22-64
22    <uses-permission android:name="android.permission.ACCESS_NETWORK_STATE" />
22-->src\main\AndroidManifest.xml:18:5-79
22-->src\main\AndroidManifest.xml:18:22-76
23    <uses-permission android:name="android.permission.ACCESS_FINE_LOCATION" />
23-->src\main\AndroidManifest.xml:19:5-79
23-->src\main\AndroidManifest.xml:19:22-76
24    <uses-permission android:name="android.permission.ACCESS_COARSE_LOCATION" />
24-->src\main\AndroidManifest.xml:20:5-81
24-->src\main\AndroidManifest.xml:20:22-78
25    <uses-permission android:name="com.google.android.providers.gsf.permission.READ_GSERVICES" />
25-->src\main\AndroidManifest.xml:21:5-98
25-->src\main\AndroidManifest.xml:21:22-95
26    <uses-permission android:name="android.permission.SEND_SMS" />
26-->src\main\AndroidManifest.xml:22:5-67
26-->src\main\AndroidManifest.xml:22:22-64
27    <uses-permission android:name="android.permission.MANAGE_EXTERNAL_STORAGE" />
27-->src\main\AndroidManifest.xml:23:5-25:40
27-->src\main\AndroidManifest.xml:24:9-66
28
29    <application
29-->src\main\AndroidManifest.xml:27:5-106:19
30        android:allowBackup="true"
30-->src\main\AndroidManifest.xml:28:9-35
31        android:allowClearUserData="false"
31-->src\main\AndroidManifest.xml:29:9-43
32        android:appComponentFactory="androidx.core.app.CoreComponentFactory"
32-->[androidx.core:core:1.8.0] AndroidManifest.xml:24:18-86
33        android:debuggable="true"
34        android:icon="@drawable/icon"
34-->src\main\AndroidManifest.xml:30:9-38
35        android:label="@string/app_name"
35-->src\main\AndroidManifest.xml:31:9-41
36        android:roundIcon="@drawable/icon"
36-->src\main\AndroidManifest.xml:32:9-43
37        android:supportsRtl="true"
37-->src\main\AndroidManifest.xml:33:9-35
38        android:testOnly="true"
39        android:theme="@style/AppTheme" >
39-->src\main\AndroidManifest.xml:34:9-40
40        <activity
40-->src\main\AndroidManifest.xml:35:9-43:20
41            android:name="com.encardio.er_ngrf.activity.AllPermissionsActivity"
41-->src\main\AndroidManifest.xml:36:13-51
42            android:exported="true" >
42-->src\main\AndroidManifest.xml:37:13-36
43
44            <!-- <intent-filter> -->
45            <!-- <action android:name="android.intent.action.MAIN" /> -->
46
47
48            <!-- <category android:name="android.intent.category.LAUNCHER" /> -->
49            <!-- </intent-filter> -->
50        </activity>
51        <activity
51-->src\main\AndroidManifest.xml:44:9-46:40
52            android:name="com.encardio.er_ngrf.activity.GraphActivity"
52-->src\main\AndroidManifest.xml:45:13-42
53            android:exported="false" />
53-->src\main\AndroidManifest.xml:46:13-37
54        <activity
54-->src\main\AndroidManifest.xml:47:9-49:40
55            android:name="com.encardio.er_ngrf.activity.URL_SettingsActivity"
55-->src\main\AndroidManifest.xml:48:13-49
56            android:exported="false" />
56-->src\main\AndroidManifest.xml:49:13-37
57        <activity
57-->src\main\AndroidManifest.xml:50:9-60:20
58            android:name="com.encardio.er_ngrf.activity.SplashActivity"
58-->src\main\AndroidManifest.xml:51:13-43
59            android:exported="true"
59-->src\main\AndroidManifest.xml:52:13-36
60            android:screenOrientation="portrait" >
60-->src\main\AndroidManifest.xml:53:13-49
61            <intent-filter>
61-->src\main\AndroidManifest.xml:55:13-59:29
62                <action android:name="android.intent.action.MAIN" />
62-->src\main\AndroidManifest.xml:56:17-69
62-->src\main\AndroidManifest.xml:56:25-66
63
64                <category android:name="android.intent.category.LAUNCHER" />
64-->src\main\AndroidManifest.xml:58:17-77
64-->src\main\AndroidManifest.xml:58:27-74
65            </intent-filter>
66        </activity>
67        <activity
67-->src\main\AndroidManifest.xml:61:9-64:56
68            android:name="org.achartengine.GraphicalActivity"
68-->src\main\AndroidManifest.xml:62:13-62
69            android:screenOrientation="landscape" />
69-->src\main\AndroidManifest.xml:63:13-50
70        <activity
70-->src\main\AndroidManifest.xml:65:9-69:15
71            android:name="com.encardio.er_ngrf.activity.DeviceListActivity"
71-->src\main\AndroidManifest.xml:66:13-47
72            android:screenOrientation="unspecified" />
72-->src\main\AndroidManifest.xml:67:13-52
73        <activity
73-->src\main\AndroidManifest.xml:71:9-74:14
74            android:name="com.encardio.er_ngrf.activity.HomeActivity"
74-->src\main\AndroidManifest.xml:72:13-41
75            android:screenOrientation="portrait" />
75-->src\main\AndroidManifest.xml:73:13-49
76        <activity
76-->src\main\AndroidManifest.xml:76:9-79:56
77            android:name="com.encardio.er_ngrf.activity.UploadDataActivity"
77-->src\main\AndroidManifest.xml:77:13-47
78            android:screenOrientation="portrait" />
78-->src\main\AndroidManifest.xml:78:13-49
79        <activity
79-->src\main\AndroidManifest.xml:80:9-83:56
80            android:name="com.encardio.er_ngrf.activity.ViewDataActivity"
80-->src\main\AndroidManifest.xml:81:13-45
81            android:screenOrientation="portrait" />
81-->src\main\AndroidManifest.xml:82:13-49
82        <activity
82-->src\main\AndroidManifest.xml:84:9-86:40
83            android:name="com.encardio.er_ngrf.activity.GatewayConfigActivity"
83-->src\main\AndroidManifest.xml:85:13-50
84            android:exported="false" />
84-->src\main\AndroidManifest.xml:86:13-37
85        <activity
85-->src\main\AndroidManifest.xml:87:9-89:40
86            android:name="com.encardio.er_ngrf.activity.NodeConfigActivity"
86-->src\main\AndroidManifest.xml:88:13-47
87            android:exported="false" />
87-->src\main\AndroidManifest.xml:89:13-37
88        <activity
88-->src\main\AndroidManifest.xml:90:9-92:40
89            android:name="com.encardio.er_ngrf.activity.GatewayWizardActivity"
89-->src\main\AndroidManifest.xml:91:13-50
90            android:exported="false" />
90-->src\main\AndroidManifest.xml:92:13-37
91        <activity
91-->src\main\AndroidManifest.xml:93:9-95:40
92            android:name="com.encardio.er_ngrf.activity.NodeWizardActivity"
92-->src\main\AndroidManifest.xml:94:13-47
93            android:exported="false" />
93-->src\main\AndroidManifest.xml:95:13-37
94        <activity
94-->src\main\AndroidManifest.xml:96:9-98:40
95            android:name="com.encardio.er_ngrf.activity.GatewayInfoActivity"
95-->src\main\AndroidManifest.xml:97:13-48
96            android:exported="false" />
96-->src\main\AndroidManifest.xml:98:13-37
97        <activity
97-->src\main\AndroidManifest.xml:99:9-101:40
98            android:name="com.encardio.er_ngrf.activity.NodeInfoActivity"
98-->src\main\AndroidManifest.xml:100:13-45
99            android:exported="false" />
99-->src\main\AndroidManifest.xml:101:13-37
100
101        <meta-data
101-->src\main\AndroidManifest.xml:103:9-105:57
102            android:name="preloaded_fonts"
102-->src\main\AndroidManifest.xml:104:13-43
103            android:resource="@array/preloaded_fonts" />
103-->src\main\AndroidManifest.xml:105:13-54
104
105        <provider
105-->[androidx.emoji2:emoji2:1.2.0] AndroidManifest.xml:24:9-32:20
106            android:name="androidx.startup.InitializationProvider"
106-->[androidx.emoji2:emoji2:1.2.0] AndroidManifest.xml:25:13-67
107            android:authorities="com.encardio.er_ngrf.activity.androidx-startup"
107-->[androidx.emoji2:emoji2:1.2.0] AndroidManifest.xml:26:13-68
108            android:exported="false" >
108-->[androidx.emoji2:emoji2:1.2.0] AndroidManifest.xml:27:13-37
109            <meta-data
109-->[androidx.emoji2:emoji2:1.2.0] AndroidManifest.xml:29:13-31:52
110                android:name="androidx.emoji2.text.EmojiCompatInitializer"
110-->[androidx.emoji2:emoji2:1.2.0] AndroidManifest.xml:30:17-75
111                android:value="androidx.startup" />
111-->[androidx.emoji2:emoji2:1.2.0] AndroidManifest.xml:31:17-49
112            <meta-data
112-->[androidx.lifecycle:lifecycle-process:2.4.1] AndroidManifest.xml:31:13-33:52
113                android:name="androidx.lifecycle.ProcessLifecycleInitializer"
113-->[androidx.lifecycle:lifecycle-process:2.4.1] AndroidManifest.xml:32:17-78
114                android:value="androidx.startup" />
114-->[androidx.lifecycle:lifecycle-process:2.4.1] AndroidManifest.xml:33:17-49
115        </provider>
116
117        <uses-library
117-->[androidx.window:window:1.0.0] AndroidManifest.xml:25:9-27:40
118            android:name="androidx.window.extensions"
118-->[androidx.window:window:1.0.0] AndroidManifest.xml:26:13-54
119            android:required="false" />
119-->[androidx.window:window:1.0.0] AndroidManifest.xml:27:13-37
120        <uses-library
120-->[androidx.window:window:1.0.0] AndroidManifest.xml:28:9-30:40
121            android:name="androidx.window.sidecar"
121-->[androidx.window:window:1.0.0] AndroidManifest.xml:29:13-51
122            android:required="false" />
122-->[androidx.window:window:1.0.0] AndroidManifest.xml:30:13-37
123    </application>
124
125</manifest>